<?xml version="1.0" encoding="UTF-8"?>
<!-- Generated by org.testng.reporters.JUnitReportReporter -->
<testsuite hostname="shrawan-HP-ProBook-440-G5" failures="0" tests="1" name="com.gemini.solutions.testFramework.DataPopulation" time="34.873" errors="0" timestamp="4 Jun 2020 17:37:03 GMT">
  <testcase classname="com.gemini.solutions.testFramework.DataPopulation" name="populateData" time="34.873"/>
</testsuite> <!-- com.gemini.solutions.testFramework.DataPopulation -->
