<?xml version="1.0" encoding="UTF-8"?>
<!-- Generated by org.testng.reporters.JUnitReportReporter -->
<testsuite hostname="shrawan-HP-ProBook-440-G5" failures="0" tests="1" name="com.gemini.solutions.testFramework.testClass.DataVerificationTest" time="4.592" errors="0" timestamp="5 Jun 2020 18:34:04 GMT">
  <testcase classname="com.gemini.solutions.testFramework.testClass.DataVerificationTest" name="TC003_checkWhetherCountryReturnedSameForMaxNumberOfBoundaryFromAPIAndDB" time="4.592"/>
</testsuite> <!-- com.gemini.solutions.testFramework.testClass.DataVerificationTest -->
