<?xml version="1.0" encoding="UTF-8"?>
<!-- Generated by org.testng.reporters.JUnitReportReporter -->
<testsuite hostname="shrawan-HP-ProBook-440-G5" failures="0" tests="3" name="com.gemini.solutions.testFramework.testClass.DataVerificationTest" time="8.144" errors="0" timestamp="5 Jun 2020 18:55:28 GMT">
  <testcase classname="com.gemini.solutions.testFramework.testClass.DataVerificationTest" name="TC003_checkWhetherCountryReturnedSameForMaxNumberOfBoundaryFromAPIAndDB" time="1.938"/>
  <testcase classname="com.gemini.solutions.testFramework.testClass.DataVerificationTest" name="TC002_AllCountriesWhosDataMisMatchBetweenDBAndApi" time="1.993"/>
  <testcase classname="com.gemini.solutions.testFramework.testClass.DataVerificationTest" name="TC001_ListAllCountriesMissingInTablePresentInApiResponse" time="4.213"/>
</testsuite> <!-- com.gemini.solutions.testFramework.testClass.DataVerificationTest -->
